app/build/intermediates/manifest_merge_blame_file/debug/manifest-merger-blame-debug-report.txt
1<?xml version="1.0" encoding="utf-8"?>
2<manifest xmlns:android="http://schemas.android.com/apk/res/android"
3    package="com.gorkemgok.hastatakipsistemi"
4    android:versionCode="1"
5    android:versionName="1.0" >
6
7    <uses-sdk
8        android:minSdkVersion="23"
8-->src\main\AndroidManifest.xml
9        android:targetSdkVersion="30" />
9-->src\main\AndroidManifest.xml
10
11    <uses-permission android:name="android.permission.BLUETOOTH" />
11-->src\main\AndroidManifest.xml:4:5-68
11-->src\main\AndroidManifest.xml:4:22-65
12    <uses-permission android:name="android.permission.BLUETOOTH_ADMIN" />
12-->src\main\AndroidManifest.xml:5:5-74
12-->src\main\AndroidManifest.xml:5:22-71
13
14    <application
14-->src\main\AndroidManifest.xml:7:5-23:19
15        android:allowBackup="true"
15-->src\main\AndroidManifest.xml:8:9-35
16        android:appComponentFactory="androidx.core.app.CoreComponentFactory"
16-->[androidx.core:core:1.3.1] AndroidManifest.xml:24:18-86
17        android:debuggable="true"
18        android:extractNativeLibs="false"
19        android:icon="@mipmap/ic_launcher"
19-->src\main\AndroidManifest.xml:9:9-43
20        android:label="@string/app_name"
20-->src\main\AndroidManifest.xml:10:9-41
21        android:roundIcon="@mipmap/ic_launcher_round"
21-->src\main\AndroidManifest.xml:11:9-54
22        android:supportsRtl="true"
22-->src\main\AndroidManifest.xml:12:9-35
23        android:testOnly="true"
24        android:theme="@style/Theme.HastaTakipSistemi" >
24-->src\main\AndroidManifest.xml:13:9-55
25        <activity android:name="com.gorkemgok.hastatakipsistemi.veriEkrani" />
25-->src\main\AndroidManifest.xml:14:9-57
25-->src\main\AndroidManifest.xml:14:19-45
26        <activity android:name="com.gorkemgok.hastatakipsistemi.anaProgram" >
26-->src\main\AndroidManifest.xml:15:9-21:20
26-->src\main\AndroidManifest.xml:15:19-45
27            <intent-filter>
27-->src\main\AndroidManifest.xml:16:13-20:29
28                <action android:name="android.intent.action.MAIN" />
28-->src\main\AndroidManifest.xml:17:17-69
28-->src\main\AndroidManifest.xml:17:25-66
29
30                <category android:name="android.intent.category.LAUNCHER" />
30-->src\main\AndroidManifest.xml:19:17-77
30-->src\main\AndroidManifest.xml:19:27-74
31            </intent-filter>
32        </activity>
33    </application>
34
35</manifest>